
*** Running vivado
    with args -log CompAdder.vds -m64 -product Vivado -mode batch -messageDb vivado.pb -notrace -source CompAdder.tcl



****** Vivado v2020.1 (64-bit)
  **** SW Build 2902540 on Wed May 27 19:54:49 MDT 2020
  **** IP Build 2902112 on Wed May 27 22:43:36 MDT 2020
    ** Copyright 1986-2020 Xilinx, Inc. All Rights Reserved.

source CompAdder.tcl -notrace
Command: synth_design -top CompAdder -part xc7a100tcsg324-1
Starting synth_design
Attempting to get a license for feature 'Synthesis' and/or device 'xc7a100t'
INFO: [Common 17-349] Got license for feature 'Synthesis' and/or device 'xc7a100t'
INFO: [Synth 8-7079] Multithreading enabled for synth_design using a maximum of 2 processes.
INFO: [Synth 8-7078] Launching helper process for spawning children vivado processes
INFO: [Synth 8-7075] Helper process launched with PID 8376
ERROR: [Synth 8-2715] syntax error near 2s [C:/Users/Ying/Desktop/HDL_projects/2sCompAdder/2sCompAdder.srcs/sources_1/new/2sCompAdder.sv:23]
Failed to read verilog 'C:/Users/Ying/Desktop/HDL_projects/2sCompAdder/2sCompAdder.srcs/sources_1/new/2sCompAdder.sv'
INFO: [Common 17-83] Releasing license: Synthesis
5 Infos, 0 Warnings, 0 Critical Warnings and 2 Errors encountered.
synth_design failed
ERROR: [Common 17-69] Command failed: Vivado Synthesis failed
INFO: [Common 17-206] Exiting Vivado at Wed May 26 15:32:31 2021...
